2026-06-26 19:08:28 [ERROR] Unhandled application error System.NotSupportedException: Cannot show selection prompt since the current terminal isn't interactive.
   at Spectre.Console.ListPrompt`1.Show(ListPromptTree`1 tree, Func`2 converter, SelectionMode selectionMode, Boolean skipUnselectableItems, Boolean searchEnabled, Int32 requestedPageSize, Boolean wrapAround, CancellationToken cancellationToken) in /_/src/Spectre.Console/Prompts/List/ListPrompt.cs:line 29
   at Spectre.Console.SelectionPrompt`1.ShowAsync(IAnsiConsole console, CancellationToken cancellationToken) in /_/src/Spectre.Console/Prompts/SelectionPrompt.cs:line 118
   at Spectre.Console.SelectionPrompt`1.Show(IAnsiConsole console) in /_/src/Spectre.Console/Prompts/SelectionPrompt.cs:line 109
   at Spectre.Console.AnsiConsole.Prompt[T](IPrompt`1 prompt) in /_/src/Spectre.Console/AnsiConsole.Prompt.cs:line 18
   at HospitalManagementSystem.Shared.Utilities.ConsoleManager.ShowSelectionPrompt[T](String title, T[] options) in C:\Users\SRIDHAR V\Projects\HospitalManagement\HospitalManagementSystem\Shared\Utilities\ConsoleManager.cs:line 93
   at HospitalManagementSystem.Shared.Utilities.InputHelper.SelectFromMenuInternal(String title, Boolean includeMainMenu, String[] options) in C:\Users\SRIDHAR V\Projects\HospitalManagement\HospitalManagementSystem\Shared\Utilities\InputHelper.cs:line 26
   at HospitalManagementSystem.Shared.Utilities.InputHelper.SelectFromMenu(String title, Boolean includeMainMenu, String[] options) in C:\Users\SRIDHAR V\Projects\HospitalManagement\HospitalManagementSystem\Shared\Utilities\InputHelper.cs:line 19
   at HospitalManagementSystem.UserManagement.Menus.LoginMenu.ShowRootAsync() in C:\Users\SRIDHAR V\Projects\HospitalManagement\HospitalManagementSystem\UserManagement\Menus\LoginMenu.cs:line 32
   at Program.<Main>$(String[] args) in C:\Users\SRIDHAR V\Projects\HospitalManagement\HospitalManagementSystem\Program.cs:line 14
2026-06-26 19:31:33 [ERROR] Unhandled application error System.NotSupportedException: Cannot show selection prompt since the current terminal isn't interactive.
   at Spectre.Console.ListPrompt`1.Show(ListPromptTree`1 tree, Func`2 converter, SelectionMode selectionMode, Boolean skipUnselectableItems, Boolean searchEnabled, Int32 requestedPageSize, Boolean wrapAround, CancellationToken cancellationToken) in /_/src/Spectre.Console/Prompts/List/ListPrompt.cs:line 29
   at Spectre.Console.SelectionPrompt`1.ShowAsync(IAnsiConsole console, CancellationToken cancellationToken) in /_/src/Spectre.Console/Prompts/SelectionPrompt.cs:line 118
   at Spectre.Console.SelectionPrompt`1.Show(IAnsiConsole console) in /_/src/Spectre.Console/Prompts/SelectionPrompt.cs:line 109
   at Spectre.Console.AnsiConsole.Prompt[T](IPrompt`1 prompt) in /_/src/Spectre.Console/AnsiConsole.Prompt.cs:line 18
   at HospitalManagementSystem.Shared.Utilities.ConsoleManager.ShowSelectionPrompt[T](String title, T[] options) in C:\Users\SRIDHAR V\Projects\HospitalManagement\HospitalManagementSystem\Shared\Utilities\ConsoleManager.cs:line 93
   at HospitalManagementSystem.Shared.Utilities.InputHelper.SelectFromMenuInternal(String title, Boolean includeMainMenu, String[] options) in C:\Users\SRIDHAR V\Projects\HospitalManagement\HospitalManagementSystem\Shared\Utilities\InputHelper.cs:line 26
   at HospitalManagementSystem.Shared.Utilities.InputHelper.SelectFromMenu(String title, Boolean includeMainMenu, String[] options) in C:\Users\SRIDHAR V\Projects\HospitalManagement\HospitalManagementSystem\Shared\Utilities\InputHelper.cs:line 19
   at HospitalManagementSystem.UserManagement.Menus.LoginMenu.ShowRootAsync() in C:\Users\SRIDHAR V\Projects\HospitalManagement\HospitalManagementSystem\UserManagement\Menus\LoginMenu.cs:line 32
   at Program.<Main>$(String[] args) in C:\Users\SRIDHAR V\Projects\HospitalManagement\HospitalManagementSystem\Program.cs:line 14
